<?xml version="1.0" encoding="UTF-8"?>
<!-- Generated by org.testng.reporters.JUnitXMLReporter -->
<testsuite ignored="0" hostname="MLBSRL-20159" failures="0" tests="3" name="Default test" time="49.299" errors="0" timestamp="02 Oct 2018 03:27:39 GMT">
  <testcase classname="com.crm.qa.testcases.LoginPageTest" name="validateLoginPageTitle" time="0.033"/>
  <testcase classname="com.crm.qa.testcases.LoginPageTest" name="crmLogo" time="0.081"/>
  <testcase classname="com.crm.qa.testcases.LoginPageTest" name="loginTest" time="15.943"/>
</testsuite> <!-- Default test -->
