<?xml version="1.0" encoding="UTF-8"?>
<!-- Generated by org.testng.reporters.JUnitReportReporter -->
<testsuite skipped="0" hostname="PFTBLR-LT-142" name="com.crm.qa.testcases.ExternalUserScreenerTest" tests="6" failures="0" timestamp="24 Nov 2019 15:22:56 GMT" time="115.341" errors="0">
  <testcase name="SanityStart1" time="0.027" classname="com.crm.qa.testcases.ExternalUserScreenerTest"/>
  <testcase name="ExternalUser_LaunchURL" time="23.947" classname="com.crm.qa.testcases.ExternalUserScreenerTest"/>
  <testcase name="ExternalUser_Login" time="18.279" classname="com.crm.qa.testcases.ExternalUserScreenerTest"/>
  <testcase name="Validate_Metadata_Icon" time="19.847" classname="com.crm.qa.testcases.ExternalUserScreenerTest"/>
  <testcase name="Validate_Download_Icon" time="21.228" classname="com.crm.qa.testcases.ExternalUserScreenerTest"/>
  <testcase name="Validate_Play_Icon" time="32.013" classname="com.crm.qa.testcases.ExternalUserScreenerTest"/>
</testsuite> <!-- com.crm.qa.testcases.ExternalUserScreenerTest -->
